<?xml version="1.0" encoding="utf-8" standalone="no"?>
<!--This file represents the results of running a test suite-->
<test-results name="/home/remi/projects/remi/Owin.Common/bin/Debug/Owin.Common.Specs.dll" total="1" errors="0" failures="1" not-run="12" inconclusive="0" ignored="12" skipped="0" invalid="0" date="2010-12-09" time="00:40:41">
  <environment nunit-version="2.5.8.10295" clr-version="2.0.50727.1433" os-version="Unix 2.6.35.22" platform="Unix" cwd="/home/remi/projects/remi/Owin.Common" machine-name="meerkat" user="remi" user-domain="meerkat" />
  <culture-info current-culture="en-US" current-uiculture="en-US" />
  <test-suite type="Assembly" name="/home/remi/projects/remi/Owin.Common/bin/Debug/Owin.Common.Specs.dll" executed="True" result="Failure" success="False" time="0.044" asserts="0">
    <results>
      <test-suite type="Namespace" name="Owin" executed="True" result="Failure" success="False" time="0.018" asserts="0">
        <results>
          <test-suite type="Namespace" name="Common" executed="True" result="Failure" success="False" time="0.018" asserts="0">
            <results>
              <test-suite type="Namespace" name="Specs" executed="True" result="Failure" success="False" time="0.018" asserts="0">
                <results>
                  <test-suite type="TestFixture" name="RequestSpec" executed="True" result="Failure" success="False" time="0.018" asserts="0">
                    <results>
                      <test-case name="Owin.Common.Specs.RequestSpec.Can_be_instantiated_with_an_IRequest" executed="False" result="Ignored">
                        <reason>
                          <message><![CDATA[]]></message>
                        </reason>
                      </test-case>
                      <test-case name="Owin.Common.Specs.RequestSpec.Can_be_instantiated_with_no_arguments_to_build_a_new_request" executed="True" result="Failure" success="False" time="0.013" asserts="0">
                        <failure>
                          <message><![CDATA[todo ... implement!]]></message>
                          <stack-trace><![CDATA[at Owin.Common.Specs.RequestSpec.Can_be_instantiated_with_no_arguments_to_build_a_new_request () [0x00000] in <filename unknown>:0
]]></stack-trace>
                        </failure>
                      </test-case>
                      <test-case name="Owin.Common.Specs.RequestSpec.Can_get_host" executed="False" result="Ignored">
                        <reason>
                          <message><![CDATA[]]></message>
                        </reason>
                      </test-case>
                      <test-case name="Owin.Common.Specs.RequestSpec.Can_get_IP" executed="False" result="Ignored">
                        <reason>
                          <message><![CDATA[]]></message>
                        </reason>
                      </test-case>
                      <test-case name="Owin.Common.Specs.RequestSpec.Can_get_Params_from_either_a_QueryString_or_POST_variable" executed="False" result="Ignored">
                        <reason>
                          <message><![CDATA[]]></message>
                        </reason>
                      </test-case>
                      <test-case name="Owin.Common.Specs.RequestSpec.Can_get_port" executed="False" result="Ignored">
                        <reason>
                          <message><![CDATA[]]></message>
                        </reason>
                      </test-case>
                      <test-case name="Owin.Common.Specs.RequestSpec.Can_get_referer_or_referrer" executed="False" result="Ignored">
                        <reason>
                          <message><![CDATA[]]></message>
                        </reason>
                      </test-case>
                      <test-case name="Owin.Common.Specs.RequestSpec.Can_get_scheme" executed="False" result="Ignored">
                        <reason>
                          <message><![CDATA[]]></message>
                        </reason>
                      </test-case>
                      <test-case name="Owin.Common.Specs.RequestSpec.Can_get_the_post_body" executed="False" result="Ignored">
                        <reason>
                          <message><![CDATA[]]></message>
                        </reason>
                      </test-case>
                      <test-case name="Owin.Common.Specs.RequestSpec.Can_get_the_raw_QueryString" executed="False" result="Ignored">
                        <reason>
                          <message><![CDATA[]]></message>
                        </reason>
                      </test-case>
                      <test-case name="Owin.Common.Specs.RequestSpec.Can_get_the_value_of_a_POST_variable" executed="False" result="Ignored">
                        <reason>
                          <message><![CDATA[]]></message>
                        </reason>
                      </test-case>
                      <test-case name="Owin.Common.Specs.RequestSpec.Can_get_the_value_of_a_QueryString" executed="False" result="Ignored">
                        <reason>
                          <message><![CDATA[]]></message>
                        </reason>
                      </test-case>
                      <test-case name="Owin.Common.Specs.RequestSpec.Has_predicate_properties_for_checking_request_method_type" executed="False" result="Ignored">
                        <reason>
                          <message><![CDATA[]]></message>
                        </reason>
                      </test-case>
                    </results>
                  </test-suite>
                </results>
              </test-suite>
            </results>
          </test-suite>
        </results>
      </test-suite>
    </results>
  </test-suite>
</test-results>